<?xml version="1.0" encoding="UTF-8"?>
<!-- Generated by org.testng.reporters.JUnitXMLReporter -->
<testsuite ignored="0" hostname="Mayank" failures="0" tests="1" name="Test2" time="0.193" errors="0" timestamp="2021-09-27T10:52:17 IST">
  <testcase classname="Academy.validateTitle" name="@BeforeTest browserOpen" time="0.001">
    <failure type="java.lang.NullPointerException" message="Cannot invoke &amp;quot;String.equalsIgnoreCase(String)&amp;quot; because &amp;quot;browserName&amp;quot; is null">
      <![CDATA[java.lang.NullPointerException: Cannot invoke "String.equalsIgnoreCase(String)" because "browserName" is null
at resources.base.browserInitialize(base.java:31)
at Academy.validateTitle.browserOpen(validateTitle.java:37)
at java.base/java.util.concurrent.FutureTask.run(FutureTask.java:264)
at java.base/java.util.concurrent.ThreadPoolExecutor.runWorker(ThreadPoolExecutor.java:1130)
at java.base/java.util.concurrent.ThreadPoolExecutor$Worker.run(ThreadPoolExecutor.java:630)
at java.base/java.lang.Thread.run(Thread.java:831)
... Removed 15 stack frames]]>
    </failure>
  </testcase> <!-- @BeforeTest browserOpen -->
  <testcase classname="Academy.validateTitle" name="@AfterTest windowClose" time="-1.632720137191E9">
    <skipped/>
  </testcase> <!-- @AfterTest windowClose -->
  <testcase classname="Academy.validateTitle" name="basepage2" time="0.0">
    <skipped/>
  </testcase> <!-- basepage2 -->
</testsuite> <!-- Test2 -->
